c:\users\avxl0\onedrive\desktop\school work\year 2\sem 1\self\programming physics\dm2212_physics_base\dm2212_physics\physics\debug\vc142.pdb
c:\users\avxl0\onedrive\desktop\school work\year 2\sem 1\self\programming physics\dm2212_physics_base\dm2212_physics\physics\debug\vc142.idb
c:\users\avxl0\onedrive\desktop\school work\year 2\sem 1\self\programming physics\dm2212_physics_base\dm2212_physics\physics\debug\utility.obj
c:\users\avxl0\onedrive\desktop\school work\year 2\sem 1\self\programming physics\dm2212_physics_base\dm2212_physics\physics\debug\shader.obj
c:\users\avxl0\onedrive\desktop\school work\year 2\sem 1\self\programming physics\dm2212_physics_base\dm2212_physics\physics\debug\scenevector.obj
c:\users\avxl0\onedrive\desktop\school work\year 2\sem 1\self\programming physics\dm2212_physics_base\dm2212_physics\physics\debug\scenekinematics.obj
c:\users\avxl0\onedrive\desktop\school work\year 2\sem 1\self\programming physics\dm2212_physics_base\dm2212_physics\physics\debug\scenebase.obj
c:\users\avxl0\onedrive\desktop\school work\year 2\sem 1\self\programming physics\dm2212_physics_base\dm2212_physics\physics\debug\sceneasteroid.obj
c:\users\avxl0\onedrive\desktop\school work\year 2\sem 1\self\programming physics\dm2212_physics_base\dm2212_physics\physics\debug\meshbuilder.obj
c:\users\avxl0\onedrive\desktop\school work\year 2\sem 1\self\programming physics\dm2212_physics_base\dm2212_physics\physics\debug\mesh.obj
c:\users\avxl0\onedrive\desktop\school work\year 2\sem 1\self\programming physics\dm2212_physics_base\dm2212_physics\physics\debug\main.obj
c:\users\avxl0\onedrive\desktop\school work\year 2\sem 1\self\programming physics\dm2212_physics_base\dm2212_physics\physics\debug\loadtga.obj
c:\users\avxl0\onedrive\desktop\school work\year 2\sem 1\self\programming physics\dm2212_physics_base\dm2212_physics\physics\debug\loadtexture.obj
c:\users\avxl0\onedrive\desktop\school work\year 2\sem 1\self\programming physics\dm2212_physics_base\dm2212_physics\physics\debug\loadobj.obj
c:\users\avxl0\onedrive\desktop\school work\year 2\sem 1\self\programming physics\dm2212_physics_base\dm2212_physics\physics\debug\gameobject.obj
c:\users\avxl0\onedrive\desktop\school work\year 2\sem 1\self\programming physics\dm2212_physics_base\dm2212_physics\physics\debug\camera.obj
c:\users\avxl0\onedrive\desktop\school work\year 2\sem 1\self\programming physics\dm2212_physics_base\dm2212_physics\physics\debug\application.obj
c:\users\avxl0\onedrive\desktop\school work\year 2\sem 1\self\programming physics\dm2212_physics_base\dm2212_physics\debug\physics.exe
c:\users\avxl0\onedrive\desktop\school work\year 2\sem 1\self\programming physics\dm2212_physics_base\dm2212_physics\physics\debug\physics.ilk
c:\users\avxl0\onedrive\desktop\school work\year 2\sem 1\self\programming physics\dm2212_physics_base\dm2212_physics\debug\physics.pdb
c:\users\avxl0\onedrive\desktop\school work\year 2\sem 1\self\programming physics\dm2212_physics_base\dm2212_physics\physics\debug\physics.tlog\cl.command.1.tlog
c:\users\avxl0\onedrive\desktop\school work\year 2\sem 1\self\programming physics\dm2212_physics_base\dm2212_physics\physics\debug\physics.tlog\cl.read.1.tlog
c:\users\avxl0\onedrive\desktop\school work\year 2\sem 1\self\programming physics\dm2212_physics_base\dm2212_physics\physics\debug\physics.tlog\cl.write.1.tlog
c:\users\avxl0\onedrive\desktop\school work\year 2\sem 1\self\programming physics\dm2212_physics_base\dm2212_physics\physics\debug\physics.tlog\link.command.1.tlog
c:\users\avxl0\onedrive\desktop\school work\year 2\sem 1\self\programming physics\dm2212_physics_base\dm2212_physics\physics\debug\physics.tlog\link.read.1.tlog
c:\users\avxl0\onedrive\desktop\school work\year 2\sem 1\self\programming physics\dm2212_physics_base\dm2212_physics\physics\debug\physics.tlog\link.write.1.tlog
